# JRE version: OpenJDK Runtime Environment Temurin-17.0.2+8 (17.0.2+8) (build 17.0.2+8)
# Java VM: OpenJDK 64-Bit Server VM Temurin-17.0.2+8 (17.0.2+8, mixed mode, emulated-client, tiered, compressed oops, compressed class ptrs, g1 gc, windows-amd64)
GC Precious Log:
 CPUs: 4 total, 4 available
 Memory: 5941M
 Large Page Support: Disabled
 NUMA Support: Disabled
 Compressed Oops: Enabled (32-bit)
 Heap Region Size: 1M
 Heap Min Capacity: 8M
 Heap Initial Capacity: 94M
 Heap Max Capacity: 1486M
 Pre-touch: Disabled
 Parallel Workers: 4
 Concurrent Workers: 1
 Concurrent Refinement Workers: 4
 Periodic GC: Disabled
Heap:
 garbage-first heap   total 86016K, used 66913K [0x00000000a3200000, 0x0000000100000000)
  region size 1024K, 35 young (35840K), 1 survivors (1024K)
 Metaspace       used 77775K, committed 78464K, reserved 1122304K
  class space    used 10547K, committed 10880K, reserved 1048576K
GC Heap History (20 events):
Event: 7641.393 GC heap after
{Heap after GC invocations=53 (full 3):
 garbage-first heap   total 86016K, used 33077K [0x00000000a3200000, 0x0000000100000000)
  region size 1024K, 3 young (3072K), 3 survivors (3072K)
 Metaspace       used 77568K, committed 78208K, reserved 1122304K
  class space    used 10518K, committed 10816K, reserved 1048576K
}
Event: 8172.594 GC heap before
{Heap before GC invocations=53 (full 3):
 garbage-first heap   total 86016K, used 71989K [0x00000000a3200000, 0x0000000100000000)
  region size 1024K, 42 young (43008K), 3 survivors (3072K)
 Metaspace       used 77568K, committed 78208K, reserved 1122304K
  class space    used 10518K, committed 10816K, reserved 1048576K
}
Event: 8172.627 GC heap after
{Heap after GC invocations=54 (full 3):
 garbage-first heap   total 86016K, used 33096K [0x00000000a3200000, 0x0000000100000000)
  region size 1024K, 3 young (3072K), 3 survivors (3072K)
 Metaspace       used 77568K, committed 78208K, reserved 1122304K
  class space    used 10518K, committed 10816K, reserved 1048576K
}
Event: 9074.507 GC heap before
{Heap before GC invocations=54 (full 3):
 garbage-first heap   total 86016K, used 73032K [0x00000000a3200000, 0x0000000100000000)
  region size 1024K, 42 young (43008K), 3 survivors (3072K)
 Metaspace       used 77568K, committed 78208K, reserved 1122304K
  class space    used 10518K, committed 10816K, reserved 1048576K
}
Event: 9074.545 GC heap after
{Heap after GC invocations=55 (full 3):
 garbage-first heap   total 86016K, used 32869K [0x00000000a3200000, 0x0000000100000000)
  region size 1024K, 3 young (3072K), 3 survivors (3072K)
 Metaspace       used 77568K, committed 78208K, reserved 1122304K
  class space    used 10518K, committed 10816K, reserved 1048576K
}
Event: 9516.274 GC heap before
{Heap before GC invocations=55 (full 3):
 garbage-first heap   total 86016K, used 71781K [0x00000000a3200000, 0x0000000100000000)
  region size 1024K, 42 young (43008K), 3 survivors (3072K)
 Metaspace       used 77568K, committed 78208K, reserved 1122304K
  class space    used 10518K, committed 10816K, reserved 1048576K
}
Event: 9516.352 GC heap after
{Heap after GC invocations=56 (full 3):
 garbage-first heap   total 86016K, used 33257K [0x00000000a3200000, 0x0000000100000000)
  region size 1024K, 3 young (3072K), 3 survivors (3072K)
 Metaspace       used 77568K, committed 78208K, reserved 1122304K
  class space    used 10518K, committed 10816K, reserved 1048576K
}
Event: 9842.149 GC heap before
{Heap before GC invocations=56 (full 3):
 garbage-first heap   total 86016K, used 73193K [0x00000000a3200000, 0x0000000100000000)
  region size 1024K, 42 young (43008K), 3 survivors (3072K)
 Metaspace       used 77568K, committed 78208K, reserved 1122304K
  class space    used 10518K, committed 10816K, reserved 1048576K
}
Event: 9842.188 GC heap after
{Heap after GC invocations=57 (full 3):
 garbage-first heap   total 86016K, used 33003K [0x00000000a3200000, 0x0000000100000000)
  region size 1024K, 3 young (3072K), 3 survivors (3072K)
 Metaspace       used 77568K, committed 78208K, reserved 1122304K
  class space    used 10518K, committed 10816K, reserved 1048576K
}
Event: 10271.244 GC heap before
{Heap before GC invocations=57 (full 3):
 garbage-first heap   total 86016K, used 72939K [0x00000000a3200000, 0x0000000100000000)
  region size 1024K, 42 young (43008K), 3 survivors (3072K)
 Metaspace       used 77568K, committed 78208K, reserved 1122304K
  class space    used 10518K, committed 10816K, reserved 1048576K
}
Event: 10271.250 GC heap after
{Heap after GC invocations=58 (full 3):
 garbage-first heap   total 86016K, used 32870K [0x00000000a3200000, 0x0000000100000000)
  region size 1024K, 3 young (3072K), 3 survivors (3072K)
 Metaspace       used 77568K, committed 78208K, reserved 1122304K
  class space    used 10518K, committed 10816K, reserved 1048576K
}
Event: 10569.591 GC heap before
{Heap before GC invocations=58 (full 3):
 garbage-first heap   total 86016K, used 55398K [0x00000000a3200000, 0x0000000100000000)
  region size 1024K, 26 young (26624K), 3 survivors (3072K)
 Metaspace       used 77783K, committed 78464K, reserved 1122304K
  class space    used 10556K, committed 10880K, reserved 1048576K
}
Event: 10572.041 GC heap after
{Heap after GC invocations=59 (full 4):
 garbage-first heap   total 86016K, used 23082K [0x00000000a3200000, 0x0000000100000000)
  region size 1024K, 0 young (0K), 0 survivors (0K)
 Metaspace       used 77143K, committed 78336K, reserved 1122304K
  class space    used 10487K, committed 10880K, reserved 1048576K
}
Event: 10574.535 GC heap before
{Heap before GC invocations=59 (full 4):
 garbage-first heap   total 86016K, used 71210K [0x00000000a3200000, 0x0000000100000000)
  region size 1024K, 48 young (49152K), 0 survivors (0K)
 Metaspace       used 77350K, committed 78336K, reserved 1122304K
  class space    used 10515K, committed 10880K, reserved 1048576K
}
Event: 10574.740 GC heap after
{Heap after GC invocations=60 (full 4):
 garbage-first heap   total 86016K, used 27919K [0x00000000a3200000, 0x0000000100000000)
  region size 1024K, 5 young (5120K), 5 survivors (5120K)
 Metaspace       used 77350K, committed 78336K, reserved 1122304K
  class space    used 10515K, committed 10880K, reserved 1048576K
}
Event: 10575.297 GC heap before
{Heap before GC invocations=60 (full 4):
 garbage-first heap   total 86016K, used 68879K [0x00000000a3200000, 0x0000000100000000)
  region size 1024K, 45 young (46080K), 5 survivors (5120K)
 Metaspace       used 77674K, committed 78400K, reserved 1122304K
  class space    used 10537K, committed 10880K, reserved 1048576K
}
Event: 10575.331 GC heap after
{Heap after GC invocations=61 (full 4):
 garbage-first heap   total 86016K, used 29920K [0x00000000a3200000, 0x0000000100000000)
  region size 1024K, 3 young (3072K), 3 survivors (3072K)
 Metaspace       used 77674K, committed 78400K, reserved 1122304K
  class space    used 10537K, committed 10880K, reserved 1048576K
}
Event: 10659.794 GC heap before
{Heap before GC invocations=61 (full 4):
 garbage-first heap   total 86016K, used 66784K [0x00000000a3200000, 0x0000000100000000)
  region size 1024K, 39 young (39936K), 3 survivors (3072K)
 Metaspace       used 77762K, committed 78464K, reserved 1122304K
  class space    used 10544K, committed 10880K, reserved 1048576K
}
Event: 10659.811 GC heap after
{Heap after GC invocations=62 (full 4):
 garbage-first heap   total 86016K, used 32097K [0x00000000a3200000, 0x0000000100000000)
  region size 1024K, 5 young (5120K), 5 survivors (5120K)
 Metaspace       used 77762K, committed 78464K, reserved 1122304K
  class space    used 10544K, committed 10880K, reserved 1048576K
}
Event: 11017.592 GC heap before
{Heap before GC invocations=62 (full 4):
 garbage-first heap   total 86016K, used 66913K [0x00000000a3200000, 0x0000000100000000)
  region size 1024K, 39 young (39936K), 5 survivors (5120K)
 Metaspace       used 77775K, committed 78464K, reserved 1122304K
  class space    used 10547K, committed 10880K, reserved 1048576K
}

